2022-12-07 11:23:56.505  INFO 28952 --- [main] onetoone.Main                            : Starting Main using Java 16 on COSTA-XPS15 with PID 28952 (C:\Users\ccost\2_jk_1\Backend\SQL\tutorials-springboot_unit2_1_onetoone_mysql\springboot_example\target\classes started by ccost in C:\Users\ccost\2_jk_1\Backend\SQL\tutorials-springboot_unit2_1_onetoone_mysql)
2022-12-07 11:23:56.515  INFO 28952 --- [main] onetoone.Main                            : No active profile set, falling back to default profiles: default
2022-12-07 11:23:57.331  INFO 28952 --- [main] .s.d.r.c.RepositoryConfigurationDelegate : Bootstrapping Spring Data JPA repositories in DEFAULT mode.
2022-12-07 11:23:57.422  INFO 28952 --- [main] .s.d.r.c.RepositoryConfigurationDelegate : Finished Spring Data repository scanning in 79 ms. Found 7 JPA repository interfaces.
2022-12-07 11:23:58.185  INFO 28952 --- [main] o.s.b.w.embedded.tomcat.TomcatWebServer  : Tomcat initialized with port(s): 8080 (http)
2022-12-07 11:23:58.198  INFO 28952 --- [main] o.apache.catalina.core.StandardService   : Starting service [Tomcat]
2022-12-07 11:23:58.198  INFO 28952 --- [main] org.apache.catalina.core.StandardEngine  : Starting Servlet engine: [Apache Tomcat/9.0.39]
2022-12-07 11:23:58.335  INFO 28952 --- [main] o.a.c.c.C.[Tomcat].[localhost].[/]       : Initializing Spring embedded WebApplicationContext
2022-12-07 11:23:58.335  INFO 28952 --- [main] w.s.c.ServletWebServerApplicationContext : Root WebApplicationContext: initialization completed in 1718 ms
2022-12-07 11:23:58.565  INFO 28952 --- [main] o.hibernate.jpa.internal.util.LogHelper  : HHH000204: Processing PersistenceUnitInfo [name: default]
2022-12-07 11:23:58.649  INFO 28952 --- [main] org.hibernate.Version                    : HHH000412: Hibernate ORM core version 5.4.23.Final
2022-12-07 11:23:58.875  INFO 28952 --- [main] o.hibernate.annotations.common.Version   : HCANN000001: Hibernate Commons Annotations {5.1.2.Final}
2022-12-07 11:23:59.036  INFO 28952 --- [main] com.zaxxer.hikari.HikariDataSource       : HikariPool-1 - Starting...
2022-12-07 11:23:59.281  INFO 28952 --- [main] com.zaxxer.hikari.HikariDataSource       : HikariPool-1 - Start completed.
2022-12-07 11:23:59.327  INFO 28952 --- [main] org.hibernate.dialect.Dialect            : HHH000400: Using dialect: org.hibernate.dialect.MySQL55Dialect
2022-12-07 11:24:00.255  INFO 28952 --- [main] o.h.e.t.j.p.i.JtaPlatformInitiator       : HHH000490: Using JtaPlatform implementation: [org.hibernate.engine.transaction.jta.platform.internal.NoJtaPlatform]
2022-12-07 11:24:00.269  INFO 28952 --- [main] j.LocalContainerEntityManagerFactoryBean : Initialized JPA EntityManagerFactory for persistence unit 'default'
2022-12-07 11:24:01.110  WARN 28952 --- [main] JpaBaseConfiguration$JpaWebConfiguration : spring.jpa.open-in-view is enabled by default. Therefore, database queries may be performed during view rendering. Explicitly configure spring.jpa.open-in-view to disable this warning
2022-12-07 11:24:01.317  INFO 28952 --- [main] pertySourcedRequestMappingHandlerMapping : Mapped URL path [/v2/api-docs] onto method [springfox.documentation.swagger2.web.Swagger2Controller#getDocumentation(String, HttpServletRequest)]
2022-12-07 11:24:01.441  INFO 28952 --- [main] o.s.s.concurrent.ThreadPoolTaskExecutor  : Initializing ExecutorService 'applicationTaskExecutor'
2022-12-07 11:24:01.657  INFO 28952 --- [main] o.s.b.w.embedded.tomcat.TomcatWebServer  : Tomcat started on port(s): 8080 (http) with context path ''
2022-12-07 11:24:01.658  INFO 28952 --- [main] d.s.w.p.DocumentationPluginsBootstrapper : Context refreshed
2022-12-07 11:24:01.684  INFO 28952 --- [main] d.s.w.p.DocumentationPluginsBootstrapper : Found 1 custom documentation plugin(s)
2022-12-07 11:24:01.733  INFO 28952 --- [main] s.d.s.w.s.ApiListingReferenceScanner     : Scanning for api listing references
2022-12-07 11:24:02.262  INFO 28952 --- [main] .d.s.w.r.o.CachingOperationNameGenerator : Generating unique operation named: updateRatingUsingPUT_1
2022-12-07 11:24:02.327  INFO 28952 --- [main] .d.s.w.r.o.CachingOperationNameGenerator : Generating unique operation named: updateMovieidUsingPUT_1
2022-12-07 11:24:02.359  INFO 28952 --- [main] onetoone.Main                            : Started Main in 6.301 seconds (JVM running for 7.094)
2022-12-07 11:41:47.089  INFO 28952 --- [http-nio-8080-exec-1] o.a.c.c.C.[Tomcat].[localhost].[/]       : Initializing Spring DispatcherServlet 'dispatcherServlet'
2022-12-07 11:41:47.089  INFO 28952 --- [http-nio-8080-exec-1] o.s.web.servlet.DispatcherServlet        : Initializing Servlet 'dispatcherServlet'
2022-12-07 11:41:47.089  INFO 28952 --- [http-nio-8080-exec-1] o.s.web.servlet.DispatcherServlet        : Completed initialization in 0 ms
2022-12-07 11:41:47.136  INFO 28952 --- [http-nio-8080-exec-1] onetoone.Messages.MessageSocket          : Connected
2022-12-07 11:41:52.815  INFO 28952 --- [http-nio-8080-exec-2] onetoone.Messages.MessageSocket          : Message: hello
2022-12-07 11:41:52.871  WARN 28952 --- [http-nio-8080-exec-2] o.h.engine.jdbc.spi.SqlExceptionHelper   : SQL Error: 1452, SQLState: 23000
2022-12-07 11:41:52.871 ERROR 28952 --- [http-nio-8080-exec-2] o.h.engine.jdbc.spi.SqlExceptionHelper   : Cannot add or update a child row: a foreign key constraint fails (`flickpick`.`messages`, CONSTRAINT `messages_ibfk_1` FOREIGN KEY (`id`) REFERENCES `users` (`id`))
2022-12-07 11:41:52.879  INFO 28952 --- [http-nio-8080-exec-2] onetoone.Messages.MessageSocket          : Error for 0 caused by: could not execute statement; SQL [n/a]; constraint [null]; nested exception is org.hibernate.exception.ConstraintViolationException: could not execute statement
2022-12-07 11:41:52.887  INFO 28952 --- [http-nio-8080-exec-2] onetoone.Messages.MessageSocket          : Closed chat
2022-12-07 11:42:24.092  INFO 28952 --- [SpringContextShutdownHook] o.s.s.concurrent.ThreadPoolTaskExecutor  : Shutting down ExecutorService 'applicationTaskExecutor'
2022-12-07 11:42:24.100  INFO 28952 --- [SpringContextShutdownHook] j.LocalContainerEntityManagerFactoryBean : Closing JPA EntityManagerFactory for persistence unit 'default'
2022-12-07 11:42:24.121  INFO 28952 --- [SpringContextShutdownHook] com.zaxxer.hikari.HikariDataSource       : HikariPool-1 - Shutdown initiated...
2022-12-07 11:42:24.135  INFO 28952 --- [SpringContextShutdownHook] com.zaxxer.hikari.HikariDataSource       : HikariPool-1 - Shutdown completed.
2022-12-07 11:42:29.182  INFO 8244 --- [main] onetoone.Main                            : Starting Main using Java 16 on COSTA-XPS15 with PID 8244 (C:\Users\ccost\2_jk_1\Backend\SQL\tutorials-springboot_unit2_1_onetoone_mysql\springboot_example\target\classes started by ccost in C:\Users\ccost\2_jk_1\Backend\SQL\tutorials-springboot_unit2_1_onetoone_mysql)
2022-12-07 11:42:29.185  INFO 8244 --- [main] onetoone.Main                            : No active profile set, falling back to default profiles: default
2022-12-07 11:42:29.890  INFO 8244 --- [main] .s.d.r.c.RepositoryConfigurationDelegate : Bootstrapping Spring Data JPA repositories in DEFAULT mode.
2022-12-07 11:42:29.958  INFO 8244 --- [main] .s.d.r.c.RepositoryConfigurationDelegate : Finished Spring Data repository scanning in 58 ms. Found 7 JPA repository interfaces.
2022-12-07 11:42:30.590  INFO 8244 --- [main] o.s.b.w.embedded.tomcat.TomcatWebServer  : Tomcat initialized with port(s): 8080 (http)
2022-12-07 11:42:30.599  INFO 8244 --- [main] o.apache.catalina.core.StandardService   : Starting service [Tomcat]
2022-12-07 11:42:30.599  INFO 8244 --- [main] org.apache.catalina.core.StandardEngine  : Starting Servlet engine: [Apache Tomcat/9.0.39]
2022-12-07 11:42:30.707  INFO 8244 --- [main] o.a.c.c.C.[Tomcat].[localhost].[/]       : Initializing Spring embedded WebApplicationContext
2022-12-07 11:42:30.707  INFO 8244 --- [main] w.s.c.ServletWebServerApplicationContext : Root WebApplicationContext: initialization completed in 1460 ms
2022-12-07 11:42:30.885  INFO 8244 --- [main] o.hibernate.jpa.internal.util.LogHelper  : HHH000204: Processing PersistenceUnitInfo [name: default]
2022-12-07 11:42:30.936  INFO 8244 --- [main] org.hibernate.Version                    : HHH000412: Hibernate ORM core version 5.4.23.Final
2022-12-07 11:42:31.069  INFO 8244 --- [main] o.hibernate.annotations.common.Version   : HCANN000001: Hibernate Commons Annotations {5.1.2.Final}
2022-12-07 11:42:31.177  INFO 8244 --- [main] com.zaxxer.hikari.HikariDataSource       : HikariPool-1 - Starting...
2022-12-07 11:42:31.364  INFO 8244 --- [main] com.zaxxer.hikari.HikariDataSource       : HikariPool-1 - Start completed.
2022-12-07 11:42:31.407  INFO 8244 --- [main] org.hibernate.dialect.Dialect            : HHH000400: Using dialect: org.hibernate.dialect.MySQL55Dialect
2022-12-07 11:42:32.060  INFO 8244 --- [main] o.h.e.t.j.p.i.JtaPlatformInitiator       : HHH000490: Using JtaPlatform implementation: [org.hibernate.engine.transaction.jta.platform.internal.NoJtaPlatform]
2022-12-07 11:42:32.072  INFO 8244 --- [main] j.LocalContainerEntityManagerFactoryBean : Initialized JPA EntityManagerFactory for persistence unit 'default'
2022-12-07 11:42:32.679  WARN 8244 --- [main] JpaBaseConfiguration$JpaWebConfiguration : spring.jpa.open-in-view is enabled by default. Therefore, database queries may be performed during view rendering. Explicitly configure spring.jpa.open-in-view to disable this warning
2022-12-07 11:42:32.823  INFO 8244 --- [main] pertySourcedRequestMappingHandlerMapping : Mapped URL path [/v2/api-docs] onto method [springfox.documentation.swagger2.web.Swagger2Controller#getDocumentation(String, HttpServletRequest)]
2022-12-07 11:42:32.920  INFO 8244 --- [main] o.s.s.concurrent.ThreadPoolTaskExecutor  : Initializing ExecutorService 'applicationTaskExecutor'
2022-12-07 11:42:33.102  INFO 8244 --- [main] o.s.b.w.embedded.tomcat.TomcatWebServer  : Tomcat started on port(s): 8080 (http) with context path ''
2022-12-07 11:42:33.103  INFO 8244 --- [main] d.s.w.p.DocumentationPluginsBootstrapper : Context refreshed
2022-12-07 11:42:33.124  INFO 8244 --- [main] d.s.w.p.DocumentationPluginsBootstrapper : Found 1 custom documentation plugin(s)
2022-12-07 11:42:33.177  INFO 8244 --- [main] s.d.s.w.s.ApiListingReferenceScanner     : Scanning for api listing references
2022-12-07 11:42:33.717  INFO 8244 --- [main] .d.s.w.r.o.CachingOperationNameGenerator : Generating unique operation named: updateRatingUsingPUT_1
2022-12-07 11:42:33.797  INFO 8244 --- [main] .d.s.w.r.o.CachingOperationNameGenerator : Generating unique operation named: updateMovieidUsingPUT_1
2022-12-07 11:42:33.832  INFO 8244 --- [main] onetoone.Main                            : Started Main in 5.036 seconds (JVM running for 5.818)
2022-12-07 11:42:39.956  INFO 8244 --- [http-nio-8080-exec-1] o.a.c.c.C.[Tomcat].[localhost].[/]       : Initializing Spring DispatcherServlet 'dispatcherServlet'
2022-12-07 11:42:39.957  INFO 8244 --- [http-nio-8080-exec-1] o.s.web.servlet.DispatcherServlet        : Initializing Servlet 'dispatcherServlet'
2022-12-07 11:42:39.958  INFO 8244 --- [http-nio-8080-exec-1] o.s.web.servlet.DispatcherServlet        : Completed initialization in 1 ms
2022-12-07 11:42:39.999  INFO 8244 --- [http-nio-8080-exec-1] onetoone.Messages.MessageSocket          : Connected
2022-12-07 11:43:17.818  INFO 8244 --- [SpringContextShutdownHook] onetoone.Messages.MessageSocket          : Closed chat
2022-12-07 11:43:17.859  INFO 8244 --- [SpringContextShutdownHook] o.s.s.concurrent.ThreadPoolTaskExecutor  : Shutting down ExecutorService 'applicationTaskExecutor'
2022-12-07 11:43:17.864  INFO 8244 --- [SpringContextShutdownHook] j.LocalContainerEntityManagerFactoryBean : Closing JPA EntityManagerFactory for persistence unit 'default'
2022-12-07 11:43:17.896  INFO 8244 --- [SpringContextShutdownHook] com.zaxxer.hikari.HikariDataSource       : HikariPool-1 - Shutdown initiated...
2022-12-07 11:43:17.908  INFO 8244 --- [SpringContextShutdownHook] com.zaxxer.hikari.HikariDataSource       : HikariPool-1 - Shutdown completed.
2022-12-07 11:43:22.381  INFO 18216 --- [main] onetoone.Main                            : Starting Main using Java 16 on COSTA-XPS15 with PID 18216 (C:\Users\ccost\2_jk_1\Backend\SQL\tutorials-springboot_unit2_1_onetoone_mysql\springboot_example\target\classes started by ccost in C:\Users\ccost\2_jk_1\Backend\SQL\tutorials-springboot_unit2_1_onetoone_mysql)
2022-12-07 11:43:22.384  INFO 18216 --- [main] onetoone.Main                            : No active profile set, falling back to default profiles: default
2022-12-07 11:43:23.107  INFO 18216 --- [main] .s.d.r.c.RepositoryConfigurationDelegate : Bootstrapping Spring Data JPA repositories in DEFAULT mode.
2022-12-07 11:43:23.178  INFO 18216 --- [main] .s.d.r.c.RepositoryConfigurationDelegate : Finished Spring Data repository scanning in 61 ms. Found 7 JPA repository interfaces.
2022-12-07 11:43:23.786  INFO 18216 --- [main] o.s.b.w.embedded.tomcat.TomcatWebServer  : Tomcat initialized with port(s): 8080 (http)
2022-12-07 11:43:23.803  INFO 18216 --- [main] o.apache.catalina.core.StandardService   : Starting service [Tomcat]
2022-12-07 11:43:23.803  INFO 18216 --- [main] org.apache.catalina.core.StandardEngine  : Starting Servlet engine: [Apache Tomcat/9.0.39]
2022-12-07 11:43:23.905  INFO 18216 --- [main] o.a.c.c.C.[Tomcat].[localhost].[/]       : Initializing Spring embedded WebApplicationContext
2022-12-07 11:43:23.906  INFO 18216 --- [main] w.s.c.ServletWebServerApplicationContext : Root WebApplicationContext: initialization completed in 1456 ms
2022-12-07 11:43:24.089  INFO 18216 --- [main] o.hibernate.jpa.internal.util.LogHelper  : HHH000204: Processing PersistenceUnitInfo [name: default]
2022-12-07 11:43:24.144  INFO 18216 --- [main] org.hibernate.Version                    : HHH000412: Hibernate ORM core version 5.4.23.Final
2022-12-07 11:43:24.270  INFO 18216 --- [main] o.hibernate.annotations.common.Version   : HCANN000001: Hibernate Commons Annotations {5.1.2.Final}
2022-12-07 11:43:24.377  INFO 18216 --- [main] com.zaxxer.hikari.HikariDataSource       : HikariPool-1 - Starting...
2022-12-07 11:43:24.740  INFO 18216 --- [main] com.zaxxer.hikari.HikariDataSource       : HikariPool-1 - Start completed.
2022-12-07 11:43:24.789  INFO 18216 --- [main] org.hibernate.dialect.Dialect            : HHH000400: Using dialect: org.hibernate.dialect.MySQL55Dialect
2022-12-07 11:43:25.437  INFO 18216 --- [main] o.h.e.t.j.p.i.JtaPlatformInitiator       : HHH000490: Using JtaPlatform implementation: [org.hibernate.engine.transaction.jta.platform.internal.NoJtaPlatform]
2022-12-07 11:43:25.446  INFO 18216 --- [main] j.LocalContainerEntityManagerFactoryBean : Initialized JPA EntityManagerFactory for persistence unit 'default'
2022-12-07 11:43:26.063  WARN 18216 --- [main] JpaBaseConfiguration$JpaWebConfiguration : spring.jpa.open-in-view is enabled by default. Therefore, database queries may be performed during view rendering. Explicitly configure spring.jpa.open-in-view to disable this warning
2022-12-07 11:43:26.211  INFO 18216 --- [main] pertySourcedRequestMappingHandlerMapping : Mapped URL path [/v2/api-docs] onto method [springfox.documentation.swagger2.web.Swagger2Controller#getDocumentation(String, HttpServletRequest)]
2022-12-07 11:43:26.311  INFO 18216 --- [main] o.s.s.concurrent.ThreadPoolTaskExecutor  : Initializing ExecutorService 'applicationTaskExecutor'
2022-12-07 11:43:26.474  INFO 18216 --- [main] o.s.b.w.embedded.tomcat.TomcatWebServer  : Tomcat started on port(s): 8080 (http) with context path ''
2022-12-07 11:43:26.475  INFO 18216 --- [main] d.s.w.p.DocumentationPluginsBootstrapper : Context refreshed
2022-12-07 11:43:26.494  INFO 18216 --- [main] d.s.w.p.DocumentationPluginsBootstrapper : Found 1 custom documentation plugin(s)
2022-12-07 11:43:26.540  INFO 18216 --- [main] s.d.s.w.s.ApiListingReferenceScanner     : Scanning for api listing references
2022-12-07 11:43:27.027  INFO 18216 --- [main] .d.s.w.r.o.CachingOperationNameGenerator : Generating unique operation named: updateRatingUsingPUT_1
2022-12-07 11:43:27.097  INFO 18216 --- [main] .d.s.w.r.o.CachingOperationNameGenerator : Generating unique operation named: updateMovieidUsingPUT_1
2022-12-07 11:43:27.130  INFO 18216 --- [main] onetoone.Main                            : Started Main in 5.129 seconds (JVM running for 5.839)
2022-12-07 11:43:31.487  INFO 18216 --- [http-nio-8080-exec-1] o.a.c.c.C.[Tomcat].[localhost].[/]       : Initializing Spring DispatcherServlet 'dispatcherServlet'
2022-12-07 11:43:31.487  INFO 18216 --- [http-nio-8080-exec-1] o.s.web.servlet.DispatcherServlet        : Initializing Servlet 'dispatcherServlet'
2022-12-07 11:43:31.489  INFO 18216 --- [http-nio-8080-exec-1] o.s.web.servlet.DispatcherServlet        : Completed initialization in 2 ms
2022-12-07 11:43:31.533  INFO 18216 --- [http-nio-8080-exec-1] onetoone.Messages.MessageSocket          : Connected
2022-12-07 11:43:33.599  INFO 18216 --- [http-nio-8080-exec-2] onetoone.Messages.MessageSocket          : Message: hello
2022-12-07 11:43:33.638  WARN 18216 --- [http-nio-8080-exec-2] o.h.engine.jdbc.spi.SqlExceptionHelper   : SQL Error: 1452, SQLState: 23000
2022-12-07 11:43:33.639 ERROR 18216 --- [http-nio-8080-exec-2] o.h.engine.jdbc.spi.SqlExceptionHelper   : Cannot add or update a child row: a foreign key constraint fails (`flickpick`.`messages`, CONSTRAINT `messages_ibfk_1` FOREIGN KEY (`id`) REFERENCES `users` (`id`))
2022-12-07 11:43:33.648  INFO 18216 --- [http-nio-8080-exec-2] onetoone.Messages.MessageSocket          : Error for 0 caused by: could not execute statement; SQL [n/a]; constraint [null]; nested exception is org.hibernate.exception.ConstraintViolationException: could not execute statement
2022-12-07 11:43:33.651  INFO 18216 --- [http-nio-8080-exec-2] onetoone.Messages.MessageSocket          : Closed chat
2022-12-07 11:43:57.237  INFO 18216 --- [SpringContextShutdownHook] o.s.s.concurrent.ThreadPoolTaskExecutor  : Shutting down ExecutorService 'applicationTaskExecutor'
2022-12-07 11:43:57.241  INFO 18216 --- [SpringContextShutdownHook] j.LocalContainerEntityManagerFactoryBean : Closing JPA EntityManagerFactory for persistence unit 'default'
2022-12-07 11:43:57.244  INFO 18216 --- [SpringContextShutdownHook] com.zaxxer.hikari.HikariDataSource       : HikariPool-1 - Shutdown initiated...
2022-12-07 11:43:57.253  INFO 18216 --- [SpringContextShutdownHook] com.zaxxer.hikari.HikariDataSource       : HikariPool-1 - Shutdown completed.
2022-12-07 11:44:01.917  INFO 16076 --- [main] onetoone.Main                            : Starting Main using Java 16 on COSTA-XPS15 with PID 16076 (C:\Users\ccost\2_jk_1\Backend\SQL\tutorials-springboot_unit2_1_onetoone_mysql\springboot_example\target\classes started by ccost in C:\Users\ccost\2_jk_1\Backend\SQL\tutorials-springboot_unit2_1_onetoone_mysql)
2022-12-07 11:44:01.920  INFO 16076 --- [main] onetoone.Main                            : No active profile set, falling back to default profiles: default
2022-12-07 11:44:02.608  INFO 16076 --- [main] .s.d.r.c.RepositoryConfigurationDelegate : Bootstrapping Spring Data JPA repositories in DEFAULT mode.
2022-12-07 11:44:02.673  INFO 16076 --- [main] .s.d.r.c.RepositoryConfigurationDelegate : Finished Spring Data repository scanning in 56 ms. Found 7 JPA repository interfaces.
2022-12-07 11:44:03.270  INFO 16076 --- [main] o.s.b.w.embedded.tomcat.TomcatWebServer  : Tomcat initialized with port(s): 8080 (http)
2022-12-07 11:44:03.280  INFO 16076 --- [main] o.apache.catalina.core.StandardService   : Starting service [Tomcat]
2022-12-07 11:44:03.280  INFO 16076 --- [main] org.apache.catalina.core.StandardEngine  : Starting Servlet engine: [Apache Tomcat/9.0.39]
2022-12-07 11:44:03.395  INFO 16076 --- [main] o.a.c.c.C.[Tomcat].[localhost].[/]       : Initializing Spring embedded WebApplicationContext
2022-12-07 11:44:03.395  INFO 16076 --- [main] w.s.c.ServletWebServerApplicationContext : Root WebApplicationContext: initialization completed in 1411 ms
2022-12-07 11:44:03.583  INFO 16076 --- [main] o.hibernate.jpa.internal.util.LogHelper  : HHH000204: Processing PersistenceUnitInfo [name: default]
2022-12-07 11:44:03.635  INFO 16076 --- [main] org.hibernate.Version                    : HHH000412: Hibernate ORM core version 5.4.23.Final
2022-12-07 11:44:03.762  INFO 16076 --- [main] o.hibernate.annotations.common.Version   : HCANN000001: Hibernate Commons Annotations {5.1.2.Final}
2022-12-07 11:44:03.872  INFO 16076 --- [main] com.zaxxer.hikari.HikariDataSource       : HikariPool-1 - Starting...
2022-12-07 11:44:04.090  INFO 16076 --- [main] com.zaxxer.hikari.HikariDataSource       : HikariPool-1 - Start completed.
2022-12-07 11:44:04.148  INFO 16076 --- [main] org.hibernate.dialect.Dialect            : HHH000400: Using dialect: org.hibernate.dialect.MySQL55Dialect
2022-12-07 11:44:04.930  INFO 16076 --- [main] o.h.e.t.j.p.i.JtaPlatformInitiator       : HHH000490: Using JtaPlatform implementation: [org.hibernate.engine.transaction.jta.platform.internal.NoJtaPlatform]
2022-12-07 11:44:04.950  INFO 16076 --- [main] j.LocalContainerEntityManagerFactoryBean : Initialized JPA EntityManagerFactory for persistence unit 'default'
2022-12-07 11:44:05.599  WARN 16076 --- [main] JpaBaseConfiguration$JpaWebConfiguration : spring.jpa.open-in-view is enabled by default. Therefore, database queries may be performed during view rendering. Explicitly configure spring.jpa.open-in-view to disable this warning
2022-12-07 11:44:05.748  INFO 16076 --- [main] pertySourcedRequestMappingHandlerMapping : Mapped URL path [/v2/api-docs] onto method [springfox.documentation.swagger2.web.Swagger2Controller#getDocumentation(String, HttpServletRequest)]
2022-12-07 11:44:05.847  INFO 16076 --- [main] o.s.s.concurrent.ThreadPoolTaskExecutor  : Initializing ExecutorService 'applicationTaskExecutor'
2022-12-07 11:44:06.009  INFO 16076 --- [main] o.s.b.w.embedded.tomcat.TomcatWebServer  : Tomcat started on port(s): 8080 (http) with context path ''
2022-12-07 11:44:06.010  INFO 16076 --- [main] d.s.w.p.DocumentationPluginsBootstrapper : Context refreshed
2022-12-07 11:44:06.030  INFO 16076 --- [main] d.s.w.p.DocumentationPluginsBootstrapper : Found 1 custom documentation plugin(s)
2022-12-07 11:44:06.077  INFO 16076 --- [main] s.d.s.w.s.ApiListingReferenceScanner     : Scanning for api listing references
2022-12-07 11:44:06.593  INFO 16076 --- [main] .d.s.w.r.o.CachingOperationNameGenerator : Generating unique operation named: updateRatingUsingPUT_1
2022-12-07 11:44:06.662  INFO 16076 --- [main] .d.s.w.r.o.CachingOperationNameGenerator : Generating unique operation named: updateMovieidUsingPUT_1
2022-12-07 11:44:06.695  INFO 16076 --- [main] onetoone.Main                            : Started Main in 5.152 seconds (JVM running for 5.917)
2022-12-07 11:44:11.663  INFO 16076 --- [http-nio-8080-exec-1] o.a.c.c.C.[Tomcat].[localhost].[/]       : Initializing Spring DispatcherServlet 'dispatcherServlet'
2022-12-07 11:44:11.663  INFO 16076 --- [http-nio-8080-exec-1] o.s.web.servlet.DispatcherServlet        : Initializing Servlet 'dispatcherServlet'
2022-12-07 11:44:11.665  INFO 16076 --- [http-nio-8080-exec-1] o.s.web.servlet.DispatcherServlet        : Completed initialization in 2 ms
2022-12-07 11:44:11.718  INFO 16076 --- [http-nio-8080-exec-1] onetoone.Messages.MessageSocket          : Connected
2022-12-07 11:44:30.046  INFO 16076 --- [http-nio-8080-exec-2] onetoone.Messages.MessageSocket          : Message: hello
2022-12-07 11:44:30.093  WARN 16076 --- [http-nio-8080-exec-2] o.h.engine.jdbc.spi.SqlExceptionHelper   : SQL Error: 1452, SQLState: 23000
2022-12-07 11:44:30.093 ERROR 16076 --- [http-nio-8080-exec-2] o.h.engine.jdbc.spi.SqlExceptionHelper   : Cannot add or update a child row: a foreign key constraint fails (`flickpick`.`messages`, CONSTRAINT `messages_ibfk_1` FOREIGN KEY (`id`) REFERENCES `users` (`id`))
2022-12-07 11:44:30.107  INFO 16076 --- [http-nio-8080-exec-2] onetoone.Messages.MessageSocket          : Error for 0 caused by: could not execute statement; SQL [n/a]; constraint [null]; nested exception is org.hibernate.exception.ConstraintViolationException: could not execute statement
2022-12-07 11:44:30.112  INFO 16076 --- [http-nio-8080-exec-2] onetoone.Messages.MessageSocket          : Closed chat
2022-12-07 11:45:06.078  INFO 16076 --- [SpringContextShutdownHook] o.s.s.concurrent.ThreadPoolTaskExecutor  : Shutting down ExecutorService 'applicationTaskExecutor'
2022-12-07 11:45:06.082  INFO 16076 --- [SpringContextShutdownHook] j.LocalContainerEntityManagerFactoryBean : Closing JPA EntityManagerFactory for persistence unit 'default'
2022-12-07 11:45:06.086  INFO 16076 --- [SpringContextShutdownHook] com.zaxxer.hikari.HikariDataSource       : HikariPool-1 - Shutdown initiated...
2022-12-07 11:45:06.104  INFO 16076 --- [SpringContextShutdownHook] com.zaxxer.hikari.HikariDataSource       : HikariPool-1 - Shutdown completed.
2022-12-07 11:45:10.795  INFO 2100 --- [main] onetoone.Main                            : Starting Main using Java 16 on COSTA-XPS15 with PID 2100 (C:\Users\ccost\2_jk_1\Backend\SQL\tutorials-springboot_unit2_1_onetoone_mysql\springboot_example\target\classes started by ccost in C:\Users\ccost\2_jk_1\Backend\SQL\tutorials-springboot_unit2_1_onetoone_mysql)
2022-12-07 11:45:10.798  INFO 2100 --- [main] onetoone.Main                            : No active profile set, falling back to default profiles: default
2022-12-07 11:45:11.488  INFO 2100 --- [main] .s.d.r.c.RepositoryConfigurationDelegate : Bootstrapping Spring Data JPA repositories in DEFAULT mode.
2022-12-07 11:45:11.553  INFO 2100 --- [main] .s.d.r.c.RepositoryConfigurationDelegate : Finished Spring Data repository scanning in 57 ms. Found 7 JPA repository interfaces.
2022-12-07 11:45:12.150  INFO 2100 --- [main] o.s.b.w.embedded.tomcat.TomcatWebServer  : Tomcat initialized with port(s): 8080 (http)
2022-12-07 11:45:12.159  INFO 2100 --- [main] o.apache.catalina.core.StandardService   : Starting service [Tomcat]
2022-12-07 11:45:12.159  INFO 2100 --- [main] org.apache.catalina.core.StandardEngine  : Starting Servlet engine: [Apache Tomcat/9.0.39]
2022-12-07 11:45:12.260  INFO 2100 --- [main] o.a.c.c.C.[Tomcat].[localhost].[/]       : Initializing Spring embedded WebApplicationContext
2022-12-07 11:45:12.261  INFO 2100 --- [main] w.s.c.ServletWebServerApplicationContext : Root WebApplicationContext: initialization completed in 1397 ms
2022-12-07 11:45:12.438  INFO 2100 --- [main] o.hibernate.jpa.internal.util.LogHelper  : HHH000204: Processing PersistenceUnitInfo [name: default]
2022-12-07 11:45:12.492  INFO 2100 --- [main] org.hibernate.Version                    : HHH000412: Hibernate ORM core version 5.4.23.Final
2022-12-07 11:45:12.619  INFO 2100 --- [main] o.hibernate.annotations.common.Version   : HCANN000001: Hibernate Commons Annotations {5.1.2.Final}
2022-12-07 11:45:12.729  INFO 2100 --- [main] com.zaxxer.hikari.HikariDataSource       : HikariPool-1 - Starting...
2022-12-07 11:45:12.928  INFO 2100 --- [main] com.zaxxer.hikari.HikariDataSource       : HikariPool-1 - Start completed.
2022-12-07 11:45:12.983  INFO 2100 --- [main] org.hibernate.dialect.Dialect            : HHH000400: Using dialect: org.hibernate.dialect.MySQL55Dialect
2022-12-07 11:45:13.629  INFO 2100 --- [main] o.h.e.t.j.p.i.JtaPlatformInitiator       : HHH000490: Using JtaPlatform implementation: [org.hibernate.engine.transaction.jta.platform.internal.NoJtaPlatform]
2022-12-07 11:45:13.643  INFO 2100 --- [main] j.LocalContainerEntityManagerFactoryBean : Initialized JPA EntityManagerFactory for persistence unit 'default'
2022-12-07 11:45:14.290  WARN 2100 --- [main] JpaBaseConfiguration$JpaWebConfiguration : spring.jpa.open-in-view is enabled by default. Therefore, database queries may be performed during view rendering. Explicitly configure spring.jpa.open-in-view to disable this warning
2022-12-07 11:45:14.435  INFO 2100 --- [main] pertySourcedRequestMappingHandlerMapping : Mapped URL path [/v2/api-docs] onto method [springfox.documentation.swagger2.web.Swagger2Controller#getDocumentation(String, HttpServletRequest)]
2022-12-07 11:45:14.535  INFO 2100 --- [main] o.s.s.concurrent.ThreadPoolTaskExecutor  : Initializing ExecutorService 'applicationTaskExecutor'
2022-12-07 11:45:14.717  INFO 2100 --- [main] o.s.b.w.embedded.tomcat.TomcatWebServer  : Tomcat started on port(s): 8080 (http) with context path ''
2022-12-07 11:45:14.718  INFO 2100 --- [main] d.s.w.p.DocumentationPluginsBootstrapper : Context refreshed
2022-12-07 11:45:14.739  INFO 2100 --- [main] d.s.w.p.DocumentationPluginsBootstrapper : Found 1 custom documentation plugin(s)
2022-12-07 11:45:14.793  INFO 2100 --- [main] s.d.s.w.s.ApiListingReferenceScanner     : Scanning for api listing references
2022-12-07 11:45:15.351  INFO 2100 --- [main] .d.s.w.r.o.CachingOperationNameGenerator : Generating unique operation named: updateRatingUsingPUT_1
2022-12-07 11:45:15.417  INFO 2100 --- [main] .d.s.w.r.o.CachingOperationNameGenerator : Generating unique operation named: updateMovieidUsingPUT_1
2022-12-07 11:45:15.448  INFO 2100 --- [main] onetoone.Main                            : Started Main in 5.05 seconds (JVM running for 5.8)
2022-12-07 11:45:18.797  INFO 2100 --- [http-nio-8080-exec-1] o.a.c.c.C.[Tomcat].[localhost].[/]       : Initializing Spring DispatcherServlet 'dispatcherServlet'
2022-12-07 11:45:18.798  INFO 2100 --- [http-nio-8080-exec-1] o.s.web.servlet.DispatcherServlet        : Initializing Servlet 'dispatcherServlet'
2022-12-07 11:45:18.799  INFO 2100 --- [http-nio-8080-exec-1] o.s.web.servlet.DispatcherServlet        : Completed initialization in 1 ms
2022-12-07 11:45:18.840  INFO 2100 --- [http-nio-8080-exec-1] onetoone.Messages.MessageSocket          : Connected
2022-12-07 11:45:19.968  INFO 2100 --- [http-nio-8080-exec-2] onetoone.Messages.MessageSocket          : Message: hello
2022-12-07 11:45:22.855  INFO 2100 --- [http-nio-8080-exec-4] onetoone.Messages.MessageSocket          : Message: hello
2022-12-07 11:45:38.300  INFO 2100 --- [SpringContextShutdownHook] onetoone.Messages.MessageSocket          : Closed chat
2022-12-07 11:45:38.318  INFO 2100 --- [SpringContextShutdownHook] o.s.s.concurrent.ThreadPoolTaskExecutor  : Shutting down ExecutorService 'applicationTaskExecutor'
2022-12-07 11:45:38.322  INFO 2100 --- [SpringContextShutdownHook] j.LocalContainerEntityManagerFactoryBean : Closing JPA EntityManagerFactory for persistence unit 'default'
2022-12-07 11:45:38.325  INFO 2100 --- [SpringContextShutdownHook] com.zaxxer.hikari.HikariDataSource       : HikariPool-1 - Shutdown initiated...
2022-12-07 11:45:38.336  INFO 2100 --- [SpringContextShutdownHook] com.zaxxer.hikari.HikariDataSource       : HikariPool-1 - Shutdown completed.
2022-12-07 14:14:13.519  INFO 17080 --- [main] onetoone.Main                            : Starting Main using Java 16 on COSTA-XPS15 with PID 17080 (C:\Users\ccost\2_jk_1\Backend\SQL\tutorials-springboot_unit2_1_onetoone_mysql\springboot_example\target\classes started by ccost in C:\Users\ccost\2_jk_1\Backend\SQL\tutorials-springboot_unit2_1_onetoone_mysql)
2022-12-07 14:14:13.524  INFO 17080 --- [main] onetoone.Main                            : No active profile set, falling back to default profiles: default
2022-12-07 14:14:14.324  INFO 17080 --- [main] .s.d.r.c.RepositoryConfigurationDelegate : Bootstrapping Spring Data JPA repositories in DEFAULT mode.
2022-12-07 14:14:14.406  INFO 17080 --- [main] .s.d.r.c.RepositoryConfigurationDelegate : Finished Spring Data repository scanning in 71 ms. Found 7 JPA repository interfaces.
2022-12-07 14:14:15.146  INFO 17080 --- [main] o.s.b.w.embedded.tomcat.TomcatWebServer  : Tomcat initialized with port(s): 8080 (http)
2022-12-07 14:14:15.166  INFO 17080 --- [main] o.apache.catalina.core.StandardService   : Starting service [Tomcat]
2022-12-07 14:14:15.167  INFO 17080 --- [main] org.apache.catalina.core.StandardEngine  : Starting Servlet engine: [Apache Tomcat/9.0.39]
2022-12-07 14:14:15.296  INFO 17080 --- [main] o.a.c.c.C.[Tomcat].[localhost].[/]       : Initializing Spring embedded WebApplicationContext
2022-12-07 14:14:15.297  INFO 17080 --- [main] w.s.c.ServletWebServerApplicationContext : Root WebApplicationContext: initialization completed in 1700 ms
2022-12-07 14:14:15.517  INFO 17080 --- [main] o.hibernate.jpa.internal.util.LogHelper  : HHH000204: Processing PersistenceUnitInfo [name: default]
2022-12-07 14:14:15.602  INFO 17080 --- [main] org.hibernate.Version                    : HHH000412: Hibernate ORM core version 5.4.23.Final
2022-12-07 14:14:15.831  INFO 17080 --- [main] o.hibernate.annotations.common.Version   : HCANN000001: Hibernate Commons Annotations {5.1.2.Final}
2022-12-07 14:14:15.971  INFO 17080 --- [main] com.zaxxer.hikari.HikariDataSource       : HikariPool-1 - Starting...
2022-12-07 14:14:16.804  INFO 17080 --- [main] com.zaxxer.hikari.HikariDataSource       : HikariPool-1 - Start completed.
2022-12-07 14:14:16.946  INFO 17080 --- [main] org.hibernate.dialect.Dialect            : HHH000400: Using dialect: org.hibernate.dialect.MySQL55Dialect
2022-12-07 14:14:18.015  INFO 17080 --- [main] o.h.e.t.j.p.i.JtaPlatformInitiator       : HHH000490: Using JtaPlatform implementation: [org.hibernate.engine.transaction.jta.platform.internal.NoJtaPlatform]
2022-12-07 14:14:18.039  INFO 17080 --- [main] j.LocalContainerEntityManagerFactoryBean : Initialized JPA EntityManagerFactory for persistence unit 'default'
2022-12-07 14:14:18.799  WARN 17080 --- [main] JpaBaseConfiguration$JpaWebConfiguration : spring.jpa.open-in-view is enabled by default. Therefore, database queries may be performed during view rendering. Explicitly configure spring.jpa.open-in-view to disable this warning
2022-12-07 14:14:18.969  INFO 17080 --- [main] pertySourcedRequestMappingHandlerMapping : Mapped URL path [/v2/api-docs] onto method [springfox.documentation.swagger2.web.Swagger2Controller#getDocumentation(String, HttpServletRequest)]
2022-12-07 14:14:19.083  INFO 17080 --- [main] o.s.s.concurrent.ThreadPoolTaskExecutor  : Initializing ExecutorService 'applicationTaskExecutor'
2022-12-07 14:14:19.277  INFO 17080 --- [main] o.s.b.w.embedded.tomcat.TomcatWebServer  : Tomcat started on port(s): 8080 (http) with context path ''
2022-12-07 14:14:19.278  INFO 17080 --- [main] d.s.w.p.DocumentationPluginsBootstrapper : Context refreshed
2022-12-07 14:14:19.305  INFO 17080 --- [main] d.s.w.p.DocumentationPluginsBootstrapper : Found 1 custom documentation plugin(s)
2022-12-07 14:14:19.359  INFO 17080 --- [main] s.d.s.w.s.ApiListingReferenceScanner     : Scanning for api listing references
2022-12-07 14:14:19.895  INFO 17080 --- [main] .d.s.w.r.o.CachingOperationNameGenerator : Generating unique operation named: updateRatingUsingPUT_1
2022-12-07 14:14:19.962  INFO 17080 --- [main] .d.s.w.r.o.CachingOperationNameGenerator : Generating unique operation named: updateMovieidUsingPUT_1
2022-12-07 14:14:19.996  INFO 17080 --- [main] onetoone.Main                            : Started Main in 6.954 seconds (JVM running for 7.785)
2022-12-07 14:14:24.264  INFO 17080 --- [http-nio-8080-exec-1] o.a.c.c.C.[Tomcat].[localhost].[/]       : Initializing Spring DispatcherServlet 'dispatcherServlet'
2022-12-07 14:14:24.265  INFO 17080 --- [http-nio-8080-exec-1] o.s.web.servlet.DispatcherServlet        : Initializing Servlet 'dispatcherServlet'
2022-12-07 14:14:24.268  INFO 17080 --- [http-nio-8080-exec-1] o.s.web.servlet.DispatcherServlet        : Completed initialization in 3 ms
2022-12-07 14:14:24.929  WARN 17080 --- [http-nio-8080-exec-1] o.h.engine.jdbc.spi.SqlExceptionHelper   : SQL Error: 1451, SQLState: 23000
2022-12-07 14:14:24.930 ERROR 17080 --- [http-nio-8080-exec-1] o.h.engine.jdbc.spi.SqlExceptionHelper   : Cannot delete or update a parent row: a foreign key constraint fails (`flickpick`.`reviews`, CONSTRAINT `reviews_ibfk_2` FOREIGN KEY (`userid`) REFERENCES `users` (`id`))
2022-12-07 14:14:24.933  INFO 17080 --- [http-nio-8080-exec-1] o.h.e.j.b.internal.AbstractBatchImpl     : HHH000010: On release of batch it still contained JDBC statements
2022-12-07 14:14:25.001 ERROR 17080 --- [http-nio-8080-exec-1] o.a.c.c.C.[.[.[/].[dispatcherServlet]    : Servlet.service() for servlet [dispatcherServlet] in context with path [] threw exception [Request processing failed; nested exception is org.springframework.dao.DataIntegrityViolationException: could not execute statement; SQL [n/a]; constraint [null]; nested exception is org.hibernate.exception.ConstraintViolationException: could not execute statement] with root cause

java.sql.SQLIntegrityConstraintViolationException: Cannot delete or update a parent row: a foreign key constraint fails (`flickpick`.`reviews`, CONSTRAINT `reviews_ibfk_2` FOREIGN KEY (`userid`) REFERENCES `users` (`id`))
	at com.mysql.cj.jdbc.exceptions.SQLError.createSQLException(SQLError.java:117) ~[mysql-connector-java-8.0.22.jar:8.0.22]
	at com.mysql.cj.jdbc.exceptions.SQLError.createSQLException(SQLError.java:97) ~[mysql-connector-java-8.0.22.jar:8.0.22]
	at com.mysql.cj.jdbc.exceptions.SQLExceptionsMapping.translateException(SQLExceptionsMapping.java:122) ~[mysql-connector-java-8.0.22.jar:8.0.22]
	at com.mysql.cj.jdbc.ClientPreparedStatement.executeInternal(ClientPreparedStatement.java:953) ~[mysql-connector-java-8.0.22.jar:8.0.22]
	at com.mysql.cj.jdbc.ClientPreparedStatement.executeUpdateInternal(ClientPreparedStatement.java:1092) ~[mysql-connector-java-8.0.22.jar:8.0.22]
	at com.mysql.cj.jdbc.ClientPreparedStatement.executeUpdateInternal(ClientPreparedStatement.java:1040) ~[mysql-connector-java-8.0.22.jar:8.0.22]
	at com.mysql.cj.jdbc.ClientPreparedStatement.executeLargeUpdate(ClientPreparedStatement.java:1347) ~[mysql-connector-java-8.0.22.jar:8.0.22]
	at com.mysql.cj.jdbc.ClientPreparedStatement.executeUpdate(ClientPreparedStatement.java:1025) ~[mysql-connector-java-8.0.22.jar:8.0.22]
	at com.zaxxer.hikari.pool.ProxyPreparedStatement.executeUpdate(ProxyPreparedStatement.java:61) ~[HikariCP-3.4.5.jar:na]
	at com.zaxxer.hikari.pool.HikariProxyPreparedStatement.executeUpdate(HikariProxyPreparedStatement.java) ~[HikariCP-3.4.5.jar:na]
	at org.hibernate.engine.jdbc.internal.ResultSetReturnImpl.executeUpdate(ResultSetReturnImpl.java:197) ~[hibernate-core-5.4.23.Final.jar:5.4.23.Final]
	at org.hibernate.engine.jdbc.batch.internal.NonBatchingBatch.addToBatch(NonBatchingBatch.java:46) ~[hibernate-core-5.4.23.Final.jar:5.4.23.Final]
	at org.hibernate.persister.entity.AbstractEntityPersister.delete(AbstractEntityPersister.java:3571) ~[hibernate-core-5.4.23.Final.jar:5.4.23.Final]
	at org.hibernate.persister.entity.AbstractEntityPersister.delete(AbstractEntityPersister.java:3831) ~[hibernate-core-5.4.23.Final.jar:5.4.23.Final]
	at org.hibernate.action.internal.EntityDeleteAction.execute(EntityDeleteAction.java:124) ~[hibernate-core-5.4.23.Final.jar:5.4.23.Final]
	at org.hibernate.engine.spi.ActionQueue.executeActions(ActionQueue.java:604) ~[hibernate-core-5.4.23.Final.jar:5.4.23.Final]
	at org.hibernate.engine.spi.ActionQueue.lambda$executeActions$1(ActionQueue.java:478) ~[hibernate-core-5.4.23.Final.jar:5.4.23.Final]
	at java.base/java.util.LinkedHashMap.forEach(LinkedHashMap.java:723) ~[na:na]
	at org.hibernate.engine.spi.ActionQueue.executeActions(ActionQueue.java:475) ~[hibernate-core-5.4.23.Final.jar:5.4.23.Final]
	at org.hibernate.event.internal.AbstractFlushingEventListener.performExecutions(AbstractFlushingEventListener.java:348) ~[hibernate-core-5.4.23.Final.jar:5.4.23.Final]
	at org.hibernate.event.internal.DefaultFlushEventListener.onFlush(DefaultFlushEventListener.java:40) ~[hibernate-core-5.4.23.Final.jar:5.4.23.Final]
	at org.hibernate.event.service.internal.EventListenerGroupImpl.fireEventOnEachListener(EventListenerGroupImpl.java:102) ~[hibernate-core-5.4.23.Final.jar:5.4.23.Final]
	at org.hibernate.internal.SessionImpl.doFlush(SessionImpl.java:1362) ~[hibernate-core-5.4.23.Final.jar:5.4.23.Final]
	at org.hibernate.internal.SessionImpl.managedFlush(SessionImpl.java:453) ~[hibernate-core-5.4.23.Final.jar:5.4.23.Final]
	at org.hibernate.internal.SessionImpl.flushBeforeTransactionCompletion(SessionImpl.java:3212) ~[hibernate-core-5.4.23.Final.jar:5.4.23.Final]
	at org.hibernate.internal.SessionImpl.beforeTransactionCompletion(SessionImpl.java:2380) ~[hibernate-core-5.4.23.Final.jar:5.4.23.Final]
	at org.hibernate.engine.jdbc.internal.JdbcCoordinatorImpl.beforeTransactionCompletion(JdbcCoordinatorImpl.java:447) ~[hibernate-core-5.4.23.Final.jar:5.4.23.Final]
	at org.hibernate.resource.transaction.backend.jdbc.internal.JdbcResourceLocalTransactionCoordinatorImpl.beforeCompletionCallback(JdbcResourceLocalTransactionCoordinatorImpl.java:183) ~[hibernate-core-5.4.23.Final.jar:5.4.23.Final]
	at org.hibernate.resource.transaction.backend.jdbc.internal.JdbcResourceLocalTransactionCoordinatorImpl.access$300(JdbcResourceLocalTransactionCoordinatorImpl.java:40) ~[hibernate-core-5.4.23.Final.jar:5.4.23.Final]
	at org.hibernate.resource.transaction.backend.jdbc.internal.JdbcResourceLocalTransactionCoordinatorImpl$TransactionDriverControlImpl.commit(JdbcResourceLocalTransactionCoordinatorImpl.java:281) ~[hibernate-core-5.4.23.Final.jar:5.4.23.Final]
	at org.hibernate.engine.transaction.internal.TransactionImpl.commit(TransactionImpl.java:101) ~[hibernate-core-5.4.23.Final.jar:5.4.23.Final]
	at org.springframework.orm.jpa.JpaTransactionManager.doCommit(JpaTransactionManager.java:562) ~[spring-orm-5.3.1.jar:5.3.1]
	at org.springframework.transaction.support.AbstractPlatformTransactionManager.processCommit(AbstractPlatformTransactionManager.java:743) ~[spring-tx-5.3.1.jar:5.3.1]
	at org.springframework.transaction.support.AbstractPlatformTransactionManager.commit(AbstractPlatformTransactionManager.java:711) ~[spring-tx-5.3.1.jar:5.3.1]
	at org.springframework.transaction.interceptor.TransactionAspectSupport.commitTransactionAfterReturning(TransactionAspectSupport.java:637) ~[spring-tx-5.3.1.jar:5.3.1]
	at org.springframework.transaction.interceptor.TransactionAspectSupport.invokeWithinTransaction(TransactionAspectSupport.java:390) ~[spring-tx-5.3.1.jar:5.3.1]
	at org.springframework.transaction.interceptor.TransactionInterceptor.invoke(TransactionInterceptor.java:134) ~[spring-tx-5.3.1.jar:5.3.1]
	at org.springframework.aop.framework.ReflectiveMethodInvocation.proceed(ReflectiveMethodInvocation.java:186) ~[spring-aop-5.3.1.jar:5.3.1]
	at org.springframework.dao.support.PersistenceExceptionTranslationInterceptor.invoke(PersistenceExceptionTranslationInterceptor.java:137) ~[spring-tx-5.3.1.jar:5.3.1]
	at org.springframework.aop.framework.ReflectiveMethodInvocation.proceed(ReflectiveMethodInvocation.java:186) ~[spring-aop-5.3.1.jar:5.3.1]
	at org.springframework.data.jpa.repository.support.CrudMethodMetadataPostProcessor$CrudMethodMetadataPopulatingMethodInterceptor.invoke(CrudMethodMetadataPostProcessor.java:145) ~[spring-data-jpa-2.4.1.jar:2.4.1]
	at org.springframework.aop.framework.ReflectiveMethodInvocation.proceed(ReflectiveMethodInvocation.java:186) ~[spring-aop-5.3.1.jar:5.3.1]
	at org.springframework.aop.interceptor.ExposeInvocationInterceptor.invoke(ExposeInvocationInterceptor.java:97) ~[spring-aop-5.3.1.jar:5.3.1]
	at org.springframework.aop.framework.ReflectiveMethodInvocation.proceed(ReflectiveMethodInvocation.java:186) ~[spring-aop-5.3.1.jar:5.3.1]
	at org.springframework.aop.framework.JdkDynamicAopProxy.invoke(JdkDynamicAopProxy.java:215) ~[spring-aop-5.3.1.jar:5.3.1]
	at jdk.proxy2/jdk.proxy2.$Proxy97.deleteById(Unknown Source) ~[na:na]
	at onetoone.Users.UsersController.deleteUser(UsersController.java:514) ~[classes/:na]
	at java.base/jdk.internal.reflect.NativeMethodAccessorImpl.invoke0(Native Method) ~[na:na]
	at java.base/jdk.internal.reflect.NativeMethodAccessorImpl.invoke(NativeMethodAccessorImpl.java:78) ~[na:na]
	at java.base/jdk.internal.reflect.DelegatingMethodAccessorImpl.invoke(DelegatingMethodAccessorImpl.java:43) ~[na:na]
	at java.base/java.lang.reflect.Method.invoke(Method.java:567) ~[na:na]
	at org.springframework.web.method.support.InvocableHandlerMethod.doInvoke(InvocableHandlerMethod.java:197) ~[spring-web-5.3.1.jar:5.3.1]
	at org.springframework.web.method.support.InvocableHandlerMethod.invokeForRequest(InvocableHandlerMethod.java:141) ~[spring-web-5.3.1.jar:5.3.1]
	at org.springframework.web.servlet.mvc.method.annotation.ServletInvocableHandlerMethod.invokeAndHandle(ServletInvocableHandlerMethod.java:106) ~[spring-webmvc-5.3.1.jar:5.3.1]
	at org.springframework.web.servlet.mvc.method.annotation.RequestMappingHandlerAdapter.invokeHandlerMethod(RequestMappingHandlerAdapter.java:893) ~[spring-webmvc-5.3.1.jar:5.3.1]
	at org.springframework.web.servlet.mvc.method.annotation.RequestMappingHandlerAdapter.handleInternal(RequestMappingHandlerAdapter.java:807) ~[spring-webmvc-5.3.1.jar:5.3.1]
	at org.springframework.web.servlet.mvc.method.AbstractHandlerMethodAdapter.handle(AbstractHandlerMethodAdapter.java:87) ~[spring-webmvc-5.3.1.jar:5.3.1]
	at org.springframework.web.servlet.DispatcherServlet.doDispatch(DispatcherServlet.java:1061) ~[spring-webmvc-5.3.1.jar:5.3.1]
	at org.springframework.web.servlet.DispatcherServlet.doService(DispatcherServlet.java:961) ~[spring-webmvc-5.3.1.jar:5.3.1]
	at org.springframework.web.servlet.FrameworkServlet.processRequest(FrameworkServlet.java:1006) ~[spring-webmvc-5.3.1.jar:5.3.1]
	at org.springframework.web.servlet.FrameworkServlet.doDelete(FrameworkServlet.java:931) ~[spring-webmvc-5.3.1.jar:5.3.1]
	at javax.servlet.http.HttpServlet.service(HttpServlet.java:658) ~[tomcat-embed-core-9.0.39.jar:4.0.FR]
	at org.springframework.web.servlet.FrameworkServlet.service(FrameworkServlet.java:883) ~[spring-webmvc-5.3.1.jar:5.3.1]
	at javax.servlet.http.HttpServlet.service(HttpServlet.java:733) ~[tomcat-embed-core-9.0.39.jar:4.0.FR]
	at org.apache.catalina.core.ApplicationFilterChain.internalDoFilter(ApplicationFilterChain.java:231) ~[tomcat-embed-core-9.0.39.jar:9.0.39]
	at org.apache.catalina.core.ApplicationFilterChain.doFilter(ApplicationFilterChain.java:166) ~[tomcat-embed-core-9.0.39.jar:9.0.39]
	at org.apache.tomcat.websocket.server.WsFilter.doFilter(WsFilter.java:53) ~[tomcat-embed-websocket-9.0.39.jar:9.0.39]
	at org.apache.catalina.core.ApplicationFilterChain.internalDoFilter(ApplicationFilterChain.java:193) ~[tomcat-embed-core-9.0.39.jar:9.0.39]
	at org.apache.catalina.core.ApplicationFilterChain.doFilter(ApplicationFilterChain.java:166) ~[tomcat-embed-core-9.0.39.jar:9.0.39]
	at org.springframework.web.filter.RequestContextFilter.doFilterInternal(RequestContextFilter.java:100) ~[spring-web-5.3.1.jar:5.3.1]
	at org.springframework.web.filter.OncePerRequestFilter.doFilter(OncePerRequestFilter.java:119) ~[spring-web-5.3.1.jar:5.3.1]
	at org.apache.catalina.core.ApplicationFilterChain.internalDoFilter(ApplicationFilterChain.java:193) ~[tomcat-embed-core-9.0.39.jar:9.0.39]
	at org.apache.catalina.core.ApplicationFilterChain.doFilter(ApplicationFilterChain.java:166) ~[tomcat-embed-core-9.0.39.jar:9.0.39]
	at org.springframework.web.filter.FormContentFilter.doFilterInternal(FormContentFilter.java:93) ~[spring-web-5.3.1.jar:5.3.1]
	at org.springframework.web.filter.OncePerRequestFilter.doFilter(OncePerRequestFilter.java:119) ~[spring-web-5.3.1.jar:5.3.1]
	at org.apache.catalina.core.ApplicationFilterChain.internalDoFilter(ApplicationFilterChain.java:193) ~[tomcat-embed-core-9.0.39.jar:9.0.39]
	at org.apache.catalina.core.ApplicationFilterChain.doFilter(ApplicationFilterChain.java:166) ~[tomcat-embed-core-9.0.39.jar:9.0.39]
	at org.springframework.web.filter.CharacterEncodingFilter.doFilterInternal(CharacterEncodingFilter.java:201) ~[spring-web-5.3.1.jar:5.3.1]
	at org.springframework.web.filter.OncePerRequestFilter.doFilter(OncePerRequestFilter.java:119) ~[spring-web-5.3.1.jar:5.3.1]
	at org.apache.catalina.core.ApplicationFilterChain.internalDoFilter(ApplicationFilterChain.java:193) ~[tomcat-embed-core-9.0.39.jar:9.0.39]
	at org.apache.catalina.core.ApplicationFilterChain.doFilter(ApplicationFilterChain.java:166) ~[tomcat-embed-core-9.0.39.jar:9.0.39]
	at org.apache.catalina.core.StandardWrapperValve.invoke(StandardWrapperValve.java:202) ~[tomcat-embed-core-9.0.39.jar:9.0.39]
	at org.apache.catalina.core.StandardContextValve.invoke(StandardContextValve.java:97) ~[tomcat-embed-core-9.0.39.jar:9.0.39]
	at org.apache.catalina.authenticator.AuthenticatorBase.invoke(AuthenticatorBase.java:542) ~[tomcat-embed-core-9.0.39.jar:9.0.39]
	at org.apache.catalina.core.StandardHostValve.invoke(StandardHostValve.java:143) ~[tomcat-embed-core-9.0.39.jar:9.0.39]
	at org.apache.catalina.valves.ErrorReportValve.invoke(ErrorReportValve.java:92) ~[tomcat-embed-core-9.0.39.jar:9.0.39]
	at org.apache.catalina.core.StandardEngineValve.invoke(StandardEngineValve.java:78) ~[tomcat-embed-core-9.0.39.jar:9.0.39]
	at org.apache.catalina.connector.CoyoteAdapter.service(CoyoteAdapter.java:343) ~[tomcat-embed-core-9.0.39.jar:9.0.39]
	at org.apache.coyote.http11.Http11Processor.service(Http11Processor.java:374) ~[tomcat-embed-core-9.0.39.jar:9.0.39]
	at org.apache.coyote.AbstractProcessorLight.process(AbstractProcessorLight.java:65) ~[tomcat-embed-core-9.0.39.jar:9.0.39]
	at org.apache.coyote.AbstractProtocol$ConnectionHandler.process(AbstractProtocol.java:868) ~[tomcat-embed-core-9.0.39.jar:9.0.39]
	at org.apache.tomcat.util.net.NioEndpoint$SocketProcessor.doRun(NioEndpoint.java:1590) ~[tomcat-embed-core-9.0.39.jar:9.0.39]
	at org.apache.tomcat.util.net.SocketProcessorBase.run(SocketProcessorBase.java:49) ~[tomcat-embed-core-9.0.39.jar:9.0.39]
	at java.base/java.util.concurrent.ThreadPoolExecutor.runWorker(ThreadPoolExecutor.java:1130) ~[na:na]
	at java.base/java.util.concurrent.ThreadPoolExecutor$Worker.run(ThreadPoolExecutor.java:630) ~[na:na]
	at org.apache.tomcat.util.threads.TaskThread$WrappingRunnable.run(TaskThread.java:61) ~[tomcat-embed-core-9.0.39.jar:9.0.39]
	at java.base/java.lang.Thread.run(Thread.java:831) ~[na:na]

2022-12-07 14:14:43.091  INFO 17080 --- [SpringContextShutdownHook] o.s.s.concurrent.ThreadPoolTaskExecutor  : Shutting down ExecutorService 'applicationTaskExecutor'
2022-12-07 14:14:43.096  INFO 17080 --- [SpringContextShutdownHook] j.LocalContainerEntityManagerFactoryBean : Closing JPA EntityManagerFactory for persistence unit 'default'
2022-12-07 14:14:43.110  INFO 17080 --- [SpringContextShutdownHook] com.zaxxer.hikari.HikariDataSource       : HikariPool-1 - Shutdown initiated...
2022-12-07 14:14:43.220  INFO 17080 --- [SpringContextShutdownHook] com.zaxxer.hikari.HikariDataSource       : HikariPool-1 - Shutdown completed.
2022-12-07 14:15:24.270  INFO 27180 --- [main] onetoone.Main                            : Starting Main using Java 16 on COSTA-XPS15 with PID 27180 (C:\Users\ccost\2_jk_1\Backend\SQL\tutorials-springboot_unit2_1_onetoone_mysql\springboot_example\target\classes started by ccost in C:\Users\ccost\2_jk_1\Backend\SQL\tutorials-springboot_unit2_1_onetoone_mysql)
2022-12-07 14:15:24.273  INFO 27180 --- [main] onetoone.Main                            : No active profile set, falling back to default profiles: default
2022-12-07 14:15:25.058  INFO 27180 --- [main] .s.d.r.c.RepositoryConfigurationDelegate : Bootstrapping Spring Data JPA repositories in DEFAULT mode.
2022-12-07 14:15:25.121  INFO 27180 --- [main] .s.d.r.c.RepositoryConfigurationDelegate : Finished Spring Data repository scanning in 54 ms. Found 7 JPA repository interfaces.
2022-12-07 14:15:25.764  INFO 27180 --- [main] o.s.b.w.embedded.tomcat.TomcatWebServer  : Tomcat initialized with port(s): 8080 (http)
2022-12-07 14:15:25.772  INFO 27180 --- [main] o.apache.catalina.core.StandardService   : Starting service [Tomcat]
2022-12-07 14:15:25.773  INFO 27180 --- [main] org.apache.catalina.core.StandardEngine  : Starting Servlet engine: [Apache Tomcat/9.0.39]
2022-12-07 14:15:25.885  INFO 27180 --- [main] o.a.c.c.C.[Tomcat].[localhost].[/]       : Initializing Spring embedded WebApplicationContext
2022-12-07 14:15:25.885  INFO 27180 --- [main] w.s.c.ServletWebServerApplicationContext : Root WebApplicationContext: initialization completed in 1535 ms
2022-12-07 14:15:26.071  INFO 27180 --- [main] o.hibernate.jpa.internal.util.LogHelper  : HHH000204: Processing PersistenceUnitInfo [name: default]
2022-12-07 14:15:26.122  INFO 27180 --- [main] org.hibernate.Version                    : HHH000412: Hibernate ORM core version 5.4.23.Final
2022-12-07 14:15:26.248  INFO 27180 --- [main] o.hibernate.annotations.common.Version   : HCANN000001: Hibernate Commons Annotations {5.1.2.Final}
2022-12-07 14:15:26.358  INFO 27180 --- [main] com.zaxxer.hikari.HikariDataSource       : HikariPool-1 - Starting...
2022-12-07 14:15:26.836  INFO 27180 --- [main] com.zaxxer.hikari.HikariDataSource       : HikariPool-1 - Start completed.
2022-12-07 14:15:26.925  INFO 27180 --- [main] org.hibernate.dialect.Dialect            : HHH000400: Using dialect: org.hibernate.dialect.MySQL55Dialect
2022-12-07 14:15:27.715  INFO 27180 --- [main] o.h.e.t.j.p.i.JtaPlatformInitiator       : HHH000490: Using JtaPlatform implementation: [org.hibernate.engine.transaction.jta.platform.internal.NoJtaPlatform]
2022-12-07 14:15:27.741  INFO 27180 --- [main] j.LocalContainerEntityManagerFactoryBean : Initialized JPA EntityManagerFactory for persistence unit 'default'
2022-12-07 14:15:28.376  WARN 27180 --- [main] JpaBaseConfiguration$JpaWebConfiguration : spring.jpa.open-in-view is enabled by default. Therefore, database queries may be performed during view rendering. Explicitly configure spring.jpa.open-in-view to disable this warning
2022-12-07 14:15:28.524  INFO 27180 --- [main] pertySourcedRequestMappingHandlerMapping : Mapped URL path [/v2/api-docs] onto method [springfox.documentation.swagger2.web.Swagger2Controller#getDocumentation(String, HttpServletRequest)]
2022-12-07 14:15:28.625  INFO 27180 --- [main] o.s.s.concurrent.ThreadPoolTaskExecutor  : Initializing ExecutorService 'applicationTaskExecutor'
2022-12-07 14:15:28.791  INFO 27180 --- [main] o.s.b.w.embedded.tomcat.TomcatWebServer  : Tomcat started on port(s): 8080 (http) with context path ''
2022-12-07 14:15:28.792  INFO 27180 --- [main] d.s.w.p.DocumentationPluginsBootstrapper : Context refreshed
2022-12-07 14:15:28.812  INFO 27180 --- [main] d.s.w.p.DocumentationPluginsBootstrapper : Found 1 custom documentation plugin(s)
2022-12-07 14:15:28.861  INFO 27180 --- [main] s.d.s.w.s.ApiListingReferenceScanner     : Scanning for api listing references
2022-12-07 14:15:29.364  INFO 27180 --- [main] .d.s.w.r.o.CachingOperationNameGenerator : Generating unique operation named: updateRatingUsingPUT_1
2022-12-07 14:15:29.451  INFO 27180 --- [main] .d.s.w.r.o.CachingOperationNameGenerator : Generating unique operation named: updateMovieidUsingPUT_1
2022-12-07 14:15:29.496  INFO 27180 --- [main] onetoone.Main                            : Started Main in 5.613 seconds (JVM running for 6.338)
2022-12-07 14:15:38.739  INFO 27180 --- [http-nio-8080-exec-1] o.a.c.c.C.[Tomcat].[localhost].[/]       : Initializing Spring DispatcherServlet 'dispatcherServlet'
2022-12-07 14:15:38.739  INFO 27180 --- [http-nio-8080-exec-1] o.s.web.servlet.DispatcherServlet        : Initializing Servlet 'dispatcherServlet'
2022-12-07 14:15:38.755  INFO 27180 --- [http-nio-8080-exec-1] o.s.web.servlet.DispatcherServlet        : Completed initialization in 0 ms
2022-12-07 14:20:40.241  INFO 27180 --- [http-nio-8080-exec-5] onetoone.Messages.MessageSocket          : Connected
2022-12-07 14:20:47.875  INFO 27180 --- [http-nio-8080-exec-4] onetoone.Messages.MessageSocket          : Message: hello

2022-12-07 14:20:54.259  INFO 27180 --- [http-nio-8080-exec-8] onetoone.Messages.MessageSocket          : Message: hello
hows it going
2022-12-07 14:21:00.328  INFO 27180 --- [http-nio-8080-exec-7] onetoone.Messages.MessageSocket          : Message: hows it going
2022-12-07 14:21:03.994  INFO 27180 --- [http-nio-8080-exec-6] onetoone.Messages.MessageSocket          : Closed chat
2022-12-07 14:25:06.175  INFO 27180 --- [SpringContextShutdownHook] o.s.s.concurrent.ThreadPoolTaskExecutor  : Shutting down ExecutorService 'applicationTaskExecutor'
2022-12-07 14:25:06.175  INFO 27180 --- [SpringContextShutdownHook] j.LocalContainerEntityManagerFactoryBean : Closing JPA EntityManagerFactory for persistence unit 'default'
2022-12-07 14:25:06.190  INFO 27180 --- [SpringContextShutdownHook] com.zaxxer.hikari.HikariDataSource       : HikariPool-1 - Shutdown initiated...
2022-12-07 14:25:06.190  INFO 27180 --- [SpringContextShutdownHook] com.zaxxer.hikari.HikariDataSource       : HikariPool-1 - Shutdown completed.
2022-12-07 14:36:16.879  INFO 5500 --- [main] onetoone.Main                            : Starting Main using Java 16 on COSTA-XPS15 with PID 5500 (C:\Users\ccost\2_jk_1\Backend\SQL\tutorials-springboot_unit2_1_onetoone_mysql\springboot_example\target\classes started by ccost in C:\Users\ccost\2_jk_1\Backend\SQL\tutorials-springboot_unit2_1_onetoone_mysql)
2022-12-07 14:36:16.884  INFO 5500 --- [main] onetoone.Main                            : No active profile set, falling back to default profiles: default
2022-12-07 14:36:17.583  INFO 5500 --- [main] .s.d.r.c.RepositoryConfigurationDelegate : Bootstrapping Spring Data JPA repositories in DEFAULT mode.
2022-12-07 14:36:17.644  INFO 5500 --- [main] .s.d.r.c.RepositoryConfigurationDelegate : Finished Spring Data repository scanning in 53 ms. Found 7 JPA repository interfaces.
2022-12-07 14:36:18.230  INFO 5500 --- [main] o.s.b.w.embedded.tomcat.TomcatWebServer  : Tomcat initialized with port(s): 8080 (http)
2022-12-07 14:36:18.239  INFO 5500 --- [main] o.apache.catalina.core.StandardService   : Starting service [Tomcat]
2022-12-07 14:36:18.239  INFO 5500 --- [main] org.apache.catalina.core.StandardEngine  : Starting Servlet engine: [Apache Tomcat/9.0.39]
2022-12-07 14:36:18.346  INFO 5500 --- [main] o.a.c.c.C.[Tomcat].[localhost].[/]       : Initializing Spring embedded WebApplicationContext
2022-12-07 14:36:18.347  INFO 5500 --- [main] w.s.c.ServletWebServerApplicationContext : Root WebApplicationContext: initialization completed in 1401 ms
2022-12-07 14:36:18.517  INFO 5500 --- [main] o.hibernate.jpa.internal.util.LogHelper  : HHH000204: Processing PersistenceUnitInfo [name: default]
2022-12-07 14:36:18.568  INFO 5500 --- [main] org.hibernate.Version                    : HHH000412: Hibernate ORM core version 5.4.23.Final
2022-12-07 14:36:18.692  INFO 5500 --- [main] o.hibernate.annotations.common.Version   : HCANN000001: Hibernate Commons Annotations {5.1.2.Final}
2022-12-07 14:36:18.804  INFO 5500 --- [main] com.zaxxer.hikari.HikariDataSource       : HikariPool-1 - Starting...
2022-12-07 14:36:19.754  INFO 5500 --- [main] com.zaxxer.hikari.HikariDataSource       : HikariPool-1 - Start completed.
2022-12-07 14:36:19.870  INFO 5500 --- [main] org.hibernate.dialect.Dialect            : HHH000400: Using dialect: org.hibernate.dialect.MySQL55Dialect
2022-12-07 14:36:20.814  INFO 5500 --- [main] o.h.e.t.j.p.i.JtaPlatformInitiator       : HHH000490: Using JtaPlatform implementation: [org.hibernate.engine.transaction.jta.platform.internal.NoJtaPlatform]
2022-12-07 14:36:20.841  INFO 5500 --- [main] j.LocalContainerEntityManagerFactoryBean : Initialized JPA EntityManagerFactory for persistence unit 'default'
2022-12-07 14:36:21.550  WARN 5500 --- [main] JpaBaseConfiguration$JpaWebConfiguration : spring.jpa.open-in-view is enabled by default. Therefore, database queries may be performed during view rendering. Explicitly configure spring.jpa.open-in-view to disable this warning
2022-12-07 14:36:21.697  INFO 5500 --- [main] pertySourcedRequestMappingHandlerMapping : Mapped URL path [/v2/api-docs] onto method [springfox.documentation.swagger2.web.Swagger2Controller#getDocumentation(String, HttpServletRequest)]
2022-12-07 14:36:21.797  INFO 5500 --- [main] o.s.s.concurrent.ThreadPoolTaskExecutor  : Initializing ExecutorService 'applicationTaskExecutor'
2022-12-07 14:36:21.969  INFO 5500 --- [main] o.s.b.w.embedded.tomcat.TomcatWebServer  : Tomcat started on port(s): 8080 (http) with context path ''
2022-12-07 14:36:21.969  INFO 5500 --- [main] d.s.w.p.DocumentationPluginsBootstrapper : Context refreshed
2022-12-07 14:36:21.991  INFO 5500 --- [main] d.s.w.p.DocumentationPluginsBootstrapper : Found 1 custom documentation plugin(s)
2022-12-07 14:36:22.043  INFO 5500 --- [main] s.d.s.w.s.ApiListingReferenceScanner     : Scanning for api listing references
2022-12-07 14:36:22.531  INFO 5500 --- [main] .d.s.w.r.o.CachingOperationNameGenerator : Generating unique operation named: updateRatingUsingPUT_1
2022-12-07 14:36:22.593  INFO 5500 --- [main] .d.s.w.r.o.CachingOperationNameGenerator : Generating unique operation named: updateMovieidUsingPUT_1
2022-12-07 14:36:22.624  INFO 5500 --- [main] onetoone.Main                            : Started Main in 6.122 seconds (JVM running for 6.874)
2022-12-07 14:39:27.557  INFO 5500 --- [SpringContextShutdownHook] o.s.s.concurrent.ThreadPoolTaskExecutor  : Shutting down ExecutorService 'applicationTaskExecutor'
2022-12-07 14:39:27.561  INFO 5500 --- [SpringContextShutdownHook] j.LocalContainerEntityManagerFactoryBean : Closing JPA EntityManagerFactory for persistence unit 'default'
2022-12-07 14:39:27.564  INFO 5500 --- [SpringContextShutdownHook] com.zaxxer.hikari.HikariDataSource       : HikariPool-1 - Shutdown initiated...
2022-12-07 14:39:27.573  INFO 5500 --- [SpringContextShutdownHook] com.zaxxer.hikari.HikariDataSource       : HikariPool-1 - Shutdown completed.
